
=== Fri May 21 20:23:06 2021

Packages were changed.
Update Mode: mergeDefaultDependencies

The following packages were added:
  com.unity.collab-proxy@1.3.9
  com.unity.ide.visualstudio@2.0.7
  com.unity.modules.ai@1.0.0
  com.unity.modules.cloth@1.0.0
  com.unity.modules.director@1.0.0
  com.unity.modules.physics2d@1.0.0
  com.unity.modules.terrain@1.0.0
  com.unity.modules.terrainphysics@1.0.0
  com.unity.modules.tilemap@1.0.0
  com.unity.modules.vehicles@1.0.0
  com.unity.modules.vr@1.0.0
  com.unity.modules.wind@1.0.0
  com.unity.modules.xr@1.0.0
  com.unity.timeline@1.4.6
The following packages were updated:
  com.unity.ide.rider from version 1.1.4 to 2.0.7
  com.unity.mobile.android-logcat from version 1.2.0 to 1.2.1
  com.unity.mobile.notifications from version 1.0.3 to 1.3.2
  com.unity.test-framework from version 1.1.20 to 1.1.22
  com.unity.textmeshpro from version 2.1.3 to 3.0.1

=== Sun May 30 19:53:10 2021

Packages were changed.
Update Mode: updateDependencies

The following packages were updated:
  com.unity.collab-proxy from version 1.3.9 to 1.5.7
  com.unity.ide.visualstudio from version 2.0.7 to 2.0.8
  com.unity.test-framework from version 1.1.22 to 1.1.24
  com.unity.textmeshpro from version 3.0.1 to 3.0.6
  com.unity.timeline from version 1.4.6 to 1.4.8
